0     (( i-- ))
10000000000.0 10000000000.0     '[' -d /Users/sam/.rbenv/shims ']'
10000000000.1 10000000000.0     eval 'export PATH="/Users/sam/.rbenv/shims:${PATH}"
1.1e+11 1e+11    source /usr/local/Cellar/rbenv/0.4.0/libexec/../completions/rbenv.bash
10000000000.2 10000000000.0     '[' -d /Users/sam/.pyenv/shims ']'
10000000000.2 10000000000.0     eval 'export PATH="/Users/sam/.pyenv/shims:${PATH}"
1.1e+11 1e+11    source /usr/local/Cellar/pyenv/20151006/libexec/../completions/pyenv.bash
10000000000.5 10000000000.0     source /usr/local/bin/virtualenvwrapper.sh
1.10000000001e+11 1e+11    '[' '' = '' ']'
1.10000000001e+11 1e+11    virtualenvwrapper_initialize
1.10000000001e+11 1e+11    typeset result
1.11e+12 1e+12   typeset file
1.10000000001e+11 1e+11    source /var/folders/m0/p8kcl121269cs485fdyhfyjw0000gn/T/virtualenvwrapper-initialize-hook-sWd2laSHNj
10000000001.0 10000000000.0     source /Users/sam/.dotfiles/.bash_aliases
10000000001.3 10000000000.0     source /Users/sam/.dotfiles/.bash_functions
10000000001.3 10000000000.0     source /Users/sam/.dotfiles/bashmarks/bashmarks.sh
1.10000000001e+11 1e+11    touch /Users/sam/.bashmarks_dirs
10000000001.3 10000000000.0     source /Users/sam/.dotfiles/z/z.sh
10000000001.4 10000000000.0     source /usr/local/etc/bash_completion
1.10000000001e+11 1e+11    readonly BASH_COMPLETION BASH_COMPLETION_DIR BASH_COMPLETION_COMPAT_DIR
1.10000000004e+11 1e+11    list=($( sed -ne '/^# START exclude/,/^# FINISH exclude/p' "$BASH_COMPLETION" |     # read exclusion compspecs
1.10000000005e+11 1e+11    eval complete -r bunzip2 bzcat pbunzip2 pbzcat unzip zipinfo compress znew gunzip zcat unpigz uncompress lzcat lzegrep lzfgrep lzgrep lzless lzmore unlzma unxz xzcat lrunzip ee xv qiv gv ggv kghostview xdvi kdvi dvips dviselect dvitype dvipdf advi dvipdfm dvipdfmx acroread gpdf xpdf kpdf evince okular ps2pdf ps2pdf12 ps2pdf13 ps2pdf14 ps2pdfwr makeinfo texi2html tex latex slitex jadetex pdfjadetex pdftex pdflatex texi2dvi mpg123 mpg321 madplay xine aaxine fbxine kaffeine dragon aviplay realplay xanim ogg123 gqmpeg freeamp xfig playmidi timidity modplugplay modplug123 vi vim gvim rvim view rview rgvim rgview gview emacs xemacs sxemacs kate kwrite wine bzme netscape mozilla lynx opera galeon dillo elinks amaya firefox mozilla-firefox iceweasel google-chrome chromium-browser epiphany oowriter ooimpress oocalc oodraw oomath oobase rpm2cpio bibtex poedit gtranslator kbabel lokalize harbour gharbour hbpp hbrun lilypond ly2dvi cdiff lyx portecle kid3 kid3-qt
1.10000000005e+11 1e+11    eval complete -F _filedir_xspec bunzip2 bzcat pbunzip2 pbzcat unzip zipinfo compress znew gunzip zcat unpigz uncompress lzcat lzegrep lzfgrep lzgrep lzless lzmore unlzma unxz xzcat lrunzip ee xv qiv gv ggv kghostview xdvi kdvi dvips dviselect dvitype dvipdf advi dvipdfm dvipdfmx acroread gpdf xpdf kpdf evince okular ps2pdf ps2pdf12 ps2pdf13 ps2pdf14 ps2pdfwr makeinfo texi2html tex latex slitex jadetex pdfjadetex pdftex pdflatex texi2dvi mpg123 mpg321 madplay xine aaxine fbxine kaffeine dragon aviplay realplay xanim ogg123 gqmpeg freeamp xfig playmidi timidity modplugplay modplug123 vi vim gvim rvim view rview rgvim rgview gview emacs xemacs sxemacs kate kwrite wine bzme netscape mozilla lynx opera galeon dillo elinks amaya firefox mozilla-firefox iceweasel google-chrome chromium-browser epiphany oowriter ooimpress oocalc oodraw oomath oobase rpm2cpio bibtex poedit gtranslator kbabel lokalize harbour gharbour hbpp hbrun lilypond ly2dvi cdiff lyx portecle kid3 kid3-qt
1.10000000005e+11 1e+11    [[ -x /usr/local/etc/bash_completion.d ]]
1.10000000005e+11 1e+11    . /usr/local/etc/bash_completion.d/abook
1.10000000005e+11 1e+11    . /usr/local/etc/bash_completion.d/ant
1.10000000005e+11 1e+11    . /usr/local/etc/bash_completion.d/apache2ctl
1.10000000005e+11 1e+11    . /usr/local/etc/bash_completion.d/apt
1.10000000005e+11 1e+11    . /usr/local/etc/bash_completion.d/apt-build
1.10000000005e+11 1e+11    . /usr/local/etc/bash_completion.d/aptitude
1.10000000005e+11 1e+11    . /usr/local/etc/bash_completion.d/aspell
1.10000000005e+11 1e+11    . /usr/local/etc/bash_completion.d/autoconf
1.10000000005e+11 1e+11    . /usr/local/etc/bash_completion.d/automake
1.10000000005e+11 1e+11    . /usr/local/etc/bash_completion.d/autorpm
1.10000000005e+11 1e+11    . /usr/local/etc/bash_completion.d/bash-builtins
1.10000000005e+11 1e+11    . /usr/local/etc/bash_completion.d/bind-utils
1.10000000005e+11 1e+11    . /usr/local/etc/bash_completion.d/bitkeeper
1.10000000005e+11 1e+11    . /usr/local/etc/bash_completion.d/bittorrent
1.10000000005e+11 1e+11    . /usr/local/etc/bash_completion.d/bluez
1.10000000005e+11 1e+11    . /usr/local/etc/bash_completion.d/brctl
1.10000000006e+11 1e+11    . /usr/local/etc/bash_completion.d/brew_bash_completion.sh
1.10000000006e+11 1e+11    . /usr/local/etc/bash_completion.d/bzip2
1.10000000006e+11 1e+11    . /usr/local/etc/bash_completion.d/cardctl
1.10000000006e+11 1e+11    . /usr/local/etc/bash_completion.d/cfengine
1.10000000006e+11 1e+11    . /usr/local/etc/bash_completion.d/chkconfig
1.10000000006e+11 1e+11    . /usr/local/etc/bash_completion.d/chsh
1.10000000006e+11 1e+11    . /usr/local/etc/bash_completion.d/cksfv
1.10000000006e+11 1e+11    . /usr/local/etc/bash_completion.d/clisp
1.10000000006e+11 1e+11    . /usr/local/etc/bash_completion.d/configure
1.10000000006e+11 1e+11    . /usr/local/etc/bash_completion.d/coreutils
1.10000000006e+11 1e+11    . /usr/local/etc/bash_completion.d/cowsay
1.10000000006e+11 1e+11    . /usr/local/etc/bash_completion.d/cpan2dist
1.10000000006e+11 1e+11    . /usr/local/etc/bash_completion.d/cpio
1.10000000006e+11 1e+11    . /usr/local/etc/bash_completion.d/crontab
1.10000000006e+11 1e+11    . /usr/local/etc/bash_completion.d/cryptsetup
1.10000000006e+11 1e+11    . /usr/local/etc/bash_completion.d/cups
1.10000000006e+11 1e+11    . /usr/local/etc/bash_completion.d/cvs
1.10000000006e+11 1e+11    . /usr/local/etc/bash_completion.d/cvsps
1.10000000006e+11 1e+11    . /usr/local/etc/bash_completion.d/dd
1.10000000006e+11 1e+11    . /usr/local/etc/bash_completion.d/dhclient
1.10000000006e+11 1e+11    . /usr/local/etc/bash_completion.d/dict
1.10000000006e+11 1e+11    . /usr/local/etc/bash_completion.d/dpkg
1.10000000006e+11 1e+11    . /usr/local/etc/bash_completion.d/dselect
1.10000000006e+11 1e+11    . /usr/local/etc/bash_completion.d/dsniff
1.10000000007e+11 1e+11    . /usr/local/etc/bash_completion.d/dvd+rw-tools
1.10000000007e+11 1e+11    . /usr/local/etc/bash_completion.d/e2fsprogs
1.10000000007e+11 1e+11    . /usr/local/etc/bash_completion.d/findutils
1.10000000007e+11 1e+11    . /usr/local/etc/bash_completion.d/freeciv
1.10000000007e+11 1e+11    . /usr/local/etc/bash_completion.d/freerdp
1.10000000007e+11 1e+11    . /usr/local/etc/bash_completion.d/fuse
1.10000000007e+11 1e+11    . /usr/local/etc/bash_completion.d/gcc
1.10000000007e+11 1e+11    . /usr/local/etc/bash_completion.d/gcl
1.10000000007e+11 1e+11    . /usr/local/etc/bash_completion.d/gdb
1.10000000007e+11 1e+11    . /usr/local/etc/bash_completion.d/genisoimage
1.10000000007e+11 1e+11    . /usr/local/etc/bash_completion.d/getent
1.10000000007e+11 1e+11    . /usr/local/etc/bash_completion.d/git-completion.bash
1.11000000001e+12 1e+12   complete -o bashdefault -o default -o nospace -F __git_wrap__gitk_main gitk
1.10000000007e+11 1e+11    . /usr/local/etc/bash_completion.d/git-prompt.sh
1.10000000007e+11 1e+11    . /usr/local/etc/bash_completion.d/gkrellm
1.10000000007e+11 1e+11    . /usr/local/etc/bash_completion.d/gnatmake
1.10000000007e+11 1e+11    . /usr/local/etc/bash_completion.d/gpg
1.10000000007e+11 1e+11    . /usr/local/etc/bash_completion.d/gpg2
1.10000000007e+11 1e+11    . /usr/local/etc/bash_completion.d/gzip
1.10000000008e+11 1e+11    . /usr/local/etc/bash_completion.d/heimdal
1.10000000008e+11 1e+11    . /usr/local/etc/bash_completion.d/hping2
1.10000000008e+11 1e+11    . /usr/local/etc/bash_completion.d/iconv
1.10000000008e+11 1e+11    . /usr/local/etc/bash_completion.d/iftop
1.10000000008e+11 1e+11    . /usr/local/etc/bash_completion.d/ifupdown
1.10000000008e+11 1e+11    . /usr/local/etc/bash_completion.d/imagemagick
1.10000000008e+11 1e+11    . /usr/local/etc/bash_completion.d/info
1.10000000008e+11 1e+11    . /usr/local/etc/bash_completion.d/ipmitool
1.10000000008e+11 1e+11    . /usr/local/etc/bash_completion.d/iproute2
1.10000000008e+11 1e+11    . /usr/local/etc/bash_completion.d/ipsec
1.10000000008e+11 1e+11    . /usr/local/etc/bash_completion.d/iptables
1.10000000008e+11 1e+11    . /usr/local/etc/bash_completion.d/ipv6calc
1.10000000008e+11 1e+11    . /usr/local/etc/bash_completion.d/isql
1.10000000008e+11 1e+11    . /usr/local/etc/bash_completion.d/jar
1.10000000008e+11 1e+11    . /usr/local/etc/bash_completion.d/java
1.10000000008e+11 1e+11    . /usr/local/etc/bash_completion.d/k3b
1.10000000008e+11 1e+11    . /usr/local/etc/bash_completion.d/kldload
1.10000000008e+11 1e+11    . /usr/local/etc/bash_completion.d/larch
1.10000000008e+11 1e+11    . /usr/local/etc/bash_completion.d/ldapvi
1.10000000008e+11 1e+11    . /usr/local/etc/bash_completion.d/lftp
1.10000000008e+11 1e+11    . /usr/local/etc/bash_completion.d/lilo
1.10000000008e+11 1e+11    . /usr/local/etc/bash_completion.d/links
1.10000000009e+11 1e+11    . /usr/local/etc/bash_completion.d/lintian
1.10000000009e+11 1e+11    . /usr/local/etc/bash_completion.d/lisp
1.10000000009e+11 1e+11    . /usr/local/etc/bash_completion.d/lrzip
1.10000000009e+11 1e+11    . /usr/local/etc/bash_completion.d/lsof
1.10000000009e+11 1e+11    . /usr/local/etc/bash_completion.d/lvm
1.10000000009e+11 1e+11    . /usr/local/etc/bash_completion.d/lzma
1.10000000009e+11 1e+11    . /usr/local/etc/bash_completion.d/lzop
1.10000000009e+11 1e+11    . /usr/local/etc/bash_completion.d/mailman
1.10000000009e+11 1e+11    . /usr/local/etc/bash_completion.d/make
1.10000000009e+11 1e+11    . /usr/local/etc/bash_completion.d/man
1.10000000009e+11 1e+11    . /usr/local/etc/bash_completion.d/mc
1.10000000009e+11 1e+11    . /usr/local/etc/bash_completion.d/mcrypt
1.10000000009e+11 1e+11    . /usr/local/etc/bash_completion.d/mdadm
1.10000000009e+11 1e+11    . /usr/local/etc/bash_completion.d/medusa
1.10000000009e+11 1e+11    . /usr/local/etc/bash_completion.d/minicom
1.10000000009e+11 1e+11    . /usr/local/etc/bash_completion.d/mkinitrd
1.1000000001e+11 1e+11    . /usr/local/etc/bash_completion.d/module-init-tools
1.1000000001e+11 1e+11    . /usr/local/etc/bash_completion.d/monodevelop
1.1000000001e+11 1e+11    . /usr/local/etc/bash_completion.d/mount
1.1000000001e+11 1e+11    . /usr/local/etc/bash_completion.d/mplayer
1.1000000001e+11 1e+11    . /usr/local/etc/bash_completion.d/msynctool
1.1000000001e+11 1e+11    . /usr/local/etc/bash_completion.d/mtx
1.1000000001e+11 1e+11    . /usr/local/etc/bash_completion.d/munin-node
1.1000000001e+11 1e+11    . /usr/local/etc/bash_completion.d/mutt
1.1000000001e+11 1e+11    . /usr/local/etc/bash_completion.d/mysqladmin
1.1000000001e+11 1e+11    . /usr/local/etc/bash_completion.d/ncftp
1.1000000001e+11 1e+11    . /usr/local/etc/bash_completion.d/net-tools
1.1000000001e+11 1e+11    . /usr/local/etc/bash_completion.d/nmap
1.1000000001e+11 1e+11    . /usr/local/etc/bash_completion.d/npm
1.1000000001e+11 1e+11    . /usr/local/etc/bash_completion.d/ntpdate
1.1000000001e+11 1e+11    . /usr/local/etc/bash_completion.d/open-iscsi
1.1000000001e+11 1e+11    . /usr/local/etc/bash_completion.d/openldap
1.1000000001e+11 1e+11    . /usr/local/etc/bash_completion.d/openssl
1.1000000001e+11 1e+11    . /usr/local/etc/bash_completion.d/p4
1.1000000001e+11 1e+11    . /usr/local/etc/bash_completion.d/perl
1.1000000001e+11 1e+11    . /usr/local/etc/bash_completion.d/pine
1.1000000001e+11 1e+11    . /usr/local/etc/bash_completion.d/pkg-config
1.10000000011e+11 1e+11    . /usr/local/etc/bash_completion.d/pkg_install
1.10000000011e+11 1e+11    . /usr/local/etc/bash_completion.d/pkgtools
1.10000000011e+11 1e+11    . /usr/local/etc/bash_completion.d/pm-utils
1.10000000011e+11 1e+11    . /usr/local/etc/bash_completion.d/portupgrade
1.10000000011e+11 1e+11    . /usr/local/etc/bash_completion.d/postfix
1.10000000011e+11 1e+11    . /usr/local/etc/bash_completion.d/postgresql
1.10000000011e+11 1e+11    . /usr/local/etc/bash_completion.d/povray
1.10000000011e+11 1e+11    . /usr/local/etc/bash_completion.d/procps
1.10000000011e+11 1e+11    . /usr/local/etc/bash_completion.d/python
1.10000000011e+11 1e+11    . /usr/local/etc/bash_completion.d/qdbus
1.10000000011e+11 1e+11    . /usr/local/etc/bash_completion.d/qemu
1.10000000011e+11 1e+11    . /usr/local/etc/bash_completion.d/quota-tools
1.10000000011e+11 1e+11    . /usr/local/etc/bash_completion.d/rabbitmqadmin.bash
1.10000000011e+11 1e+11    . /usr/local/etc/bash_completion.d/rcs
1.10000000011e+11 1e+11    . /usr/local/etc/bash_completion.d/rdesktop
1.10000000011e+11 1e+11    . /usr/local/etc/bash_completion.d/reportbug
1.10000000011e+11 1e+11    . /usr/local/etc/bash_completion.d/resolvconf
1.10000000011e+11 1e+11    . /usr/local/etc/bash_completion.d/rfkill
1.10000000011e+11 1e+11    . /usr/local/etc/bash_completion.d/ri
1.10000000011e+11 1e+11    . /usr/local/etc/bash_completion.d/rpcdebug
1.10000000012e+11 1e+11    . /usr/local/etc/bash_completion.d/rpm
1.10000000012e+11 1e+11    . /usr/local/etc/bash_completion.d/rpmcheck
1.10000000012e+11 1e+11    . /usr/local/etc/bash_completion.d/rrdtool
1.10000000012e+11 1e+11    . /usr/local/etc/bash_completion.d/rsync
1.10000000012e+11 1e+11    . /usr/local/etc/bash_completion.d/rtcwake
1.10000000012e+11 1e+11    . /usr/local/etc/bash_completion.d/samba
1.10000000012e+11 1e+11    . /usr/local/etc/bash_completion.d/sbcl
1.10000000012e+11 1e+11    . /usr/local/etc/bash_completion.d/screen
1.10000000012e+11 1e+11    . /usr/local/etc/bash_completion.d/service
1.10000000012e+11 1e+11    . /usr/local/etc/bash_completion.d/sh
1.10000000012e+11 1e+11    . /usr/local/etc/bash_completion.d/shadow
1.10000000012e+11 1e+11    . /usr/local/etc/bash_completion.d/sitecopy
1.10000000012e+11 1e+11    . /usr/local/etc/bash_completion.d/smartctl
1.10000000012e+11 1e+11    . /usr/local/etc/bash_completion.d/snownews
1.10000000012e+11 1e+11    . /usr/local/etc/bash_completion.d/sqlite3
1.10000000012e+11 1e+11    . /usr/local/etc/bash_completion.d/ssh
1.10000000012e+11 1e+11    . /usr/local/etc/bash_completion.d/sshfs
1.10000000013e+11 1e+11    . /usr/local/etc/bash_completion.d/strace
1.10000000013e+11 1e+11    . /usr/local/etc/bash_completion.d/svk
1.10000000013e+11 1e+11    . /usr/local/etc/bash_completion.d/sysbench
1.10000000013e+11 1e+11    . /usr/local/etc/bash_completion.d/sysctl
1.10000000013e+11 1e+11    . /usr/local/etc/bash_completion.d/sysv-rc
1.10000000013e+11 1e+11    . /usr/local/etc/bash_completion.d/tar
1.10000000013e+11 1e+11    . /usr/local/etc/bash_completion.d/tcpdump
1.10000000013e+11 1e+11    . /usr/local/etc/bash_completion.d/unace
1.10000000013e+11 1e+11    . /usr/local/etc/bash_completion.d/unrar
1.10000000013e+11 1e+11    . /usr/local/etc/bash_completion.d/update-alternatives
1.10000000013e+11 1e+11    . /usr/local/etc/bash_completion.d/util-linux
1.10000000013e+11 1e+11    . /usr/local/etc/bash_completion.d/vncviewer
1.10000000013e+11 1e+11    . /usr/local/etc/bash_completion.d/vpnc
1.10000000013e+11 1e+11    . /usr/local/etc/bash_completion.d/wireless-tools
1.10000000013e+11 1e+11    . /usr/local/etc/bash_completion.d/wodim
1.10000000013e+11 1e+11    . /usr/local/etc/bash_completion.d/wol
1.10000000013e+11 1e+11    . /usr/local/etc/bash_completion.d/wtf
1.10000000013e+11 1e+11    . /usr/local/etc/bash_completion.d/wvdial
1.10000000013e+11 1e+11    . /usr/local/etc/bash_completion.d/xhost
1.10000000013e+11 1e+11    . /usr/local/etc/bash_completion.d/xm
1.10000000013e+11 1e+11    . /usr/local/etc/bash_completion.d/xmllint
1.10000000013e+11 1e+11    . /usr/local/etc/bash_completion.d/xmlwf
1.10000000013e+11 1e+11    . /usr/local/etc/bash_completion.d/xmms
1.10000000013e+11 1e+11    . /usr/local/etc/bash_completion.d/xmodmap
1.10000000014e+11 1e+11    . /usr/local/etc/bash_completion.d/xrandr
1.10000000014e+11 1e+11    . /usr/local/etc/bash_completion.d/xrdb
1.10000000014e+11 1e+11    . /usr/local/etc/bash_completion.d/xsltproc
1.10000000014e+11 1e+11    . /usr/local/etc/bash_completion.d/xz
1.10000000014e+11 1e+11    . /usr/local/etc/bash_completion.d/yp-tools
1.10000000014e+11 1e+11    . /usr/local/etc/bash_completion.d/yum-arch
10000000013.8 10000000000.0     source /Users/sam/.dotfiles/completions/bash_pip_completion
10000000013.8 10000000000.0     source /Users/sam/.dotfiles/completions/bash_django_completion
1.10000000014e+11 1e+11    command -v whereis
1.10000000014e+11 1e+11    pythons=' python'
10000000013.9 10000000000.0     source /Users/sam/.dotfiles/completions/bash_fab_completion
10000000013.9 10000000000.0     '[' -e /Users/sam/.ssh/config ']'
10000000014.0 10000000000.0     tput setaf 1
10000000014.0 10000000000.0     LESS_TERMCAP_mb=''
10000000014.1 10000000000.0     LESS_TERMCAP_md=''
10000000014.1 10000000000.0     LESS_TERMCAP_me=''
10000000014.1 10000000000.0     LESS_TERMCAP_so=''
10000000014.1 10000000000.0     LESS_TERMCAP_se=''
10000000014.2 10000000000.0     LESS_TERMCAP_us=''
10000000014.2 10000000000.0     LESS_TERMCAP_ue=''
10000000014.2 10000000000.0     LESS_TERMCAP_mr=''
10000000014.2 10000000000.0     LESS_TERMCAP_mh=
10000000014.3 10000000000.0     LESS_TERMCAP_ZN=
10000000014.3 10000000000.0     LESS_TERMCAP_ZV=
10000000014.3 10000000000.0     LESS_TERMCAP_ZO=